  Building Custom Rule C:/Users/Flash/Downloads/socket.io-client-cpp-3.1.0/socket.io-client-cpp/_deps/catch2-src/src/CMakeLists.txt
  catch_chronometer.cpp
  catch_benchmark_function.cpp
  catch_run_for_at_least.cpp
  catch_stats.cpp
  catch_generator_exception.cpp
  catch_generators.cpp
  catch_generators_random.cpp
  catch_reporter_automake.cpp
  catch_reporter_common_base.cpp
  catch_reporter_compact.cpp
  catch_reporter_console.cpp
  catch_reporter_cumulative_base.cpp
  catch_reporter_event_listener.cpp
  catch_reporter_helpers.cpp
  catch_reporter_junit.cpp
  catch_reporter_multi.cpp
  catch_reporter_registrars.cpp
  catch_reporter_sonarqube.cpp
  catch_reporter_streaming_base.cpp
  catch_reporter_tap.cpp
  Generating Code...
  Compiling...
  catch_reporter_teamcity.cpp
  catch_reporter_xml.cpp
  catch_interfaces_capture.cpp
  catch_interfaces_config.cpp
  catch_interfaces_exception.cpp
  catch_interfaces_generatortracker.cpp
  catch_interfaces_registry_hub.cpp
  catch_interfaces_reporter.cpp
  catch_interfaces_reporter_factory.cpp
  catch_interfaces_reporter_registry.cpp
  catch_interfaces_testcase.cpp
  catch_approx.cpp
  catch_assertion_result.cpp
  catch_config.cpp
  catch_get_random_seed.cpp
  catch_message.cpp
  catch_registry_hub.cpp
  catch_session.cpp
  catch_tag_alias_autoregistrar.cpp
  catch_test_case_info.cpp
  Generating Code...
  Compiling...
  catch_test_spec.cpp
  catch_timer.cpp
  catch_tostring.cpp
  catch_totals.cpp
  catch_version.cpp
  catch_assertion_handler.cpp
  catch_case_insensitive_comparisons.cpp
  catch_clara.cpp
  catch_commandline.cpp
  catch_console_colour.cpp
  catch_context.cpp
  catch_debug_console.cpp
  catch_debugger.cpp
  catch_decomposer.cpp
  catch_enforce.cpp
  catch_enum_values_registry.cpp
  catch_errno_guard.cpp
  catch_exception_translator_registry.cpp
  catch_fatal_condition_handler.cpp
  catch_floating_point_helpers.cpp
  Generating Code...
  Compiling...
  catch_getenv.cpp
  catch_istream.cpp
  catch_lazy_expr.cpp
  catch_leak_detector.cpp
  catch_list.cpp
  catch_message_info.cpp
  catch_output_redirect.cpp
  catch_parse_numbers.cpp
  catch_polyfills.cpp
  catch_random_number_generator.cpp
  catch_random_seed_generation.cpp
  catch_reporter_registry.cpp
  catch_reporter_spec_parser.cpp
  catch_result_type.cpp
  catch_reusable_string_stream.cpp
  catch_run_context.cpp
  catch_section.cpp
  catch_singletons.cpp
  catch_source_line_info.cpp
  catch_startup_exception_registry.cpp
  Generating Code...
  Compiling...
  catch_stdstreams.cpp
  catch_string_manip.cpp
  catch_stringref.cpp
  catch_tag_alias_registry.cpp
  catch_test_case_info_hasher.cpp
  catch_test_case_registry_impl.cpp
  catch_test_case_tracker.cpp
  catch_test_failure_exception.cpp
  catch_test_registry.cpp
  catch_test_spec_parser.cpp
  catch_textflow.cpp
  catch_uncaught_exceptions.cpp
  catch_wildcard_pattern.cpp
  catch_xmlwriter.cpp
  catch_matchers.cpp
  catch_matchers_container_properties.cpp
  catch_matchers_exception.cpp
  catch_matchers_floating_point.cpp
  catch_matchers_predicate.cpp
  catch_matchers_quantifiers.cpp
  Generating Code...
  Compiling...
  catch_matchers_string.cpp
  catch_matchers_templated.cpp
  catch_matchers_impl.cpp
  Generating Code...
  Catch2.vcxproj -> C:\Users\Flash\Downloads\socket.io-client-cpp-3.1.0\socket.io-client-cpp\_deps\catch2-build\src\Debug\Catch2d.lib
